#
# A fatal error has been detected by the Java Runtime Environment:
#
#  EXCEPTION_ACCESS_VIOLATION (0xc0000005) at pc=0x000000005bcf0928, pid=35888, tid=0x0000000000007794
#
# JRE version: OpenJDK Runtime Environment (8.0_152-b02) (build 1.8.0_152-release-1024-b02)
# Java VM: OpenJDK 64-Bit Server VM (25.152-b02 mixed mode windows-amd64 compressed oops)
# Problematic frame:
# V  [jvm.dll+0x400928]
#
# Failed to write core dump. Minidumps are not enabled by default on client versions of Windows
#
# If you would like to submit a bug report, please visit:
#   http://bugreport.java.com/bugreport/crash.jsp
#

---------------  T H R E A D  ---------------

Current thread (0x0000000018a86000):  JavaThread "C1 CompilerThread3" daemon [_thread_in_native, id=30612, stack(0x0000000019480000,0x0000000019580000)]

siginfo: ExceptionCode=0xc0000005, reading address 0xffffffffffffffff

Registers:
RAX=0x000000001957f440, RBX=0x000000001957f230, RCX=0x000000001957f560, RDX=0x0000000000000083
RSP=0x000000001957f1b0, RBP=0x0000000000000030, RSI=0x0080000020a61c80, RDI=0x0000000000000022
R8 =0x0000000000000000, R9 =0x00000000000000fe, R10=0x000000001957f560, R11=0x000000001d757a70
R12=0x0000000020a606c0, R13=0x0000000018a81b60, R14=0x0000000018a88770, R15=0x0000000018a887b0
RIP=0x000000005bcf0928, EFLAGS=0x0000000000010246

Top of Stack: (sp=0x000000001957f1b0)
0x000000001957f1b0:   000000001957f230 0000000020a61ba0
0x000000001957f1c0:   000000001957f230 0000000000000000
0x000000001957f1d0:   0000000020a5e7c0 000000005bcf113c
0x000000001957f1e0:   000000001c1b4ec0 000000001957f230
0x000000001957f1f0:   0000000000000006 0000000000000003
0x000000001957f200:   00000000ffffffff 000000005bcca3b1
0x000000001957f210:   000000001957f440 0000000000000000
0x000000001957f220:   000000005c078120 000000001d757a70
0x000000001957f230:   000000001d757a70 000000001d757a90
0x000000001957f240:   0000000002c62380 000000001957f440
0x000000001957f250:   0000000020a5ee00 0000000000000000
0x000000001957f260:   0000000000000000 0000000000000000
0x000000001957f270:   00000000ffffffff 000000005b8f0000
0x000000001957f280:   0000000000000004 0000000000000000
0x000000001957f290:   000023ab09969474 0000000000000000
0x000000001957f2a0:   0000000020a5ee00 000000005bccaada 

Instructions: (pc=0x000000005bcf0928)
0x000000005bcf0908:   08 00 00 7d 10 48 8b 4b 18 48 8d 15 48 24 22 00
0x000000005bcf0918:   e8 43 93 fd ff 48 8b 43 18 48 83 78 60 00 75 2e
0x000000005bcf0928:   48 8b 06 48 8b d3 48 8b ce ff 50 08 48 8b 4b 18
0x000000005bcf0938:   e8 43 90 fd ff 80 78 08 00 74 0b 48 8b d6 48 8b 


Register to memory mapping:

RAX=0x000000001957f440 is pointing into the stack for thread: 0x0000000018a86000
RBX=0x000000001957f230 is pointing into the stack for thread: 0x0000000018a86000
RCX=0x000000001957f560 is pointing into the stack for thread: 0x0000000018a86000
RDX=0x0000000000000083 is an unknown value
RSP=0x000000001957f1b0 is pointing into the stack for thread: 0x0000000018a86000
RBP=0x0000000000000030 is an unknown value
RSI=0x0080000020a61c80 is an unknown value
RDI=0x0000000000000022 is an unknown value
R8 =0x0000000000000000 is an unknown value
R9 =0x00000000000000fe is an unknown value
R10=0x000000001957f560 is pointing into the stack for thread: 0x0000000018a86000
R11=0x000000001d757a70 is an unknown value
R12=0x0000000020a606c0 is an unknown value
R13=0x0000000018a81b60 is an unknown value
R14=0x0000000018a88770 is an unknown value
R15=0x0000000018a887b0 is an unknown value


Stack: [0x0000000019480000,0x0000000019580000],  sp=0x000000001957f1b0,  free space=1020k
Native frames: (J=compiled Java code, j=interpreted, Vv=VM code, C=native code)
V  [jvm.dll+0x400928]
V  [jvm.dll+0x40113c]
V  [jvm.dll+0x3da3b1]
V  [jvm.dll+0x3daada]
V  [jvm.dll+0x3dabb2]
V  [jvm.dll+0x3dad81]
V  [jvm.dll+0x3daf8f]
V  [jvm.dll+0x814c8]
V  [jvm.dll+0x81dff]
V  [jvm.dll+0x21d2df]
V  [jvm.dll+0x26d7ea]
C  [msvcr100.dll+0x21d9f]
C  [msvcr100.dll+0x21e3b]
C  [KERNEL32.DLL+0x13034]
C  [ntdll.dll+0x71431]


Current CompileTask:
C1:15096116 27295       3       com.sun.org.apache.xerces.internal.impl.xpath.regex.RegularExpression$Context::reset (55 bytes)


---------------  P R O C E S S  ---------------

Java Threads: ( => current thread )
  0x0000000023a71000 JavaThread "build operations Thread 8" [_thread_blocked, id=40568, stack(0x0000000067930000,0x0000000067a30000)]
  0x0000000023a77000 JavaThread "build operations Thread 7" [_thread_blocked, id=1848, stack(0x0000000067830000,0x0000000067930000)]
  0x000000001c470000 JavaThread "build operations Thread 6" [_thread_blocked, id=39520, stack(0x0000000067730000,0x0000000067830000)]
  0x000000001c46e800 JavaThread "build operations Thread 5" [_thread_blocked, id=39088, stack(0x0000000067630000,0x0000000067730000)]
  0x000000001c46d000 JavaThread "build operations Thread 4" [_thread_blocked, id=31620, stack(0x0000000067530000,0x0000000067630000)]
  0x000000001c46b800 JavaThread "build operations Thread 3" [_thread_blocked, id=40604, stack(0x0000000067430000,0x0000000067530000)]
  0x000000001c464000 JavaThread "build operations Thread 2" [_thread_blocked, id=39480, stack(0x0000000067330000,0x0000000067430000)]
  0x000000001c467000 JavaThread "build operations" [_thread_blocked, id=33252, stack(0x0000000067230000,0x0000000067330000)]
  0x000000001c46a800 JavaThread "Cache worker for Artifact transforms cache (C:\Users\dsm2017\.gradle\caches\transforms-1)" [_thread_blocked, id=31588, stack(0x0000000067130000,0x0000000067230000)]
  0x000000001c469000 JavaThread "Cache worker for file hash cache (D:\jumpUp\.gradle\4.4\fileHashes)" [_thread_blocked, id=38688, stack(0x0000000067030000,0x0000000067130000)]
  0x000000001c463000 JavaThread "Stdin handler" [_thread_blocked, id=34124, stack(0x0000000066f30000,0x0000000067030000)]
  0x000000001c468800 JavaThread "Asynchronous log dispatcher for DefaultDaemonConnection: socket connection from /127.0.0.1:6668 to /127.0.0.1:13793" [_thread_blocked, id=36780, stack(0x0000000066e30000,0x0000000066f30000)]
  0x000000001c466000 JavaThread "Cancel handler" [_thread_blocked, id=27972, stack(0x0000000066d30000,0x0000000066e30000)]
  0x000000001c461000 JavaThread "Handler for socket connection from /127.0.0.1:6668 to /127.0.0.1:13793" [_thread_in_native, id=33392, stack(0x0000000066c30000,0x0000000066d30000)]
  0x000000001c462800 JavaThread "ForkJoinPool.commonPool-worker-0" daemon [_thread_blocked, id=27392, stack(0x0000000066b30000,0x0000000066c30000)]
  0x000000001c465800 JavaThread "Daemon worker Thread 7" [_thread_in_native, id=30940, stack(0x00000000470a0000,0x00000000471a0000)]
  0x000000001c464800 JavaThread "Daemon Thread 7" [_thread_blocked, id=34740, stack(0x0000000046da0000,0x0000000046ea0000)]
  0x000000001c46c000 JavaThread "Java2D Disposer" daemon [_thread_blocked, id=21628, stack(0x0000000027ba0000,0x0000000027ca0000)]
  0x000000001cb22800 JavaThread "Memory manager" [_thread_blocked, id=24524, stack(0x00000000234c0000,0x00000000235c0000)]
  0x0000000019bac800 JavaThread "File lock request listener" [_thread_in_native, id=35036, stack(0x000000001d000000,0x000000001d100000)]
  0x0000000019cc8000 JavaThread "Cache worker for file hash cache (C:\Users\dsm2017\.gradle\caches\4.4\fileHashes)" [_thread_blocked, id=9908, stack(0x000000001cf00000,0x000000001d000000)]
  0x000000001a6a6800 JavaThread "Daemon periodic checks" [_thread_blocked, id=34672, stack(0x000000001b330000,0x000000001b430000)]
  0x000000001a92d000 JavaThread "Incoming local TCP Connector on port 6668" [_thread_in_native, id=35852, stack(0x000000001b150000,0x000000001b250000)]
  0x0000000018b12800 JavaThread "Service Thread" daemon [_thread_blocked, id=13156, stack(0x0000000019580000,0x0000000019680000)]
=>0x0000000018a86000 JavaThread "C1 CompilerThread3" daemon [_thread_in_native, id=30612, stack(0x0000000019480000,0x0000000019580000)]
  0x0000000018a82000 JavaThread "C2 CompilerThread2" daemon [_thread_in_native, id=35304, stack(0x0000000019380000,0x0000000019480000)]
  0x0000000016b1d800 JavaThread "C2 CompilerThread1" daemon [_thread_blocked, id=34120, stack(0x0000000019280000,0x0000000019380000)]
  0x0000000016b1a000 JavaThread "C2 CompilerThread0" daemon [_thread_blocked, id=19872, stack(0x0000000019180000,0x0000000019280000)]
  0x0000000018a2c800 JavaThread "Attach Listener" daemon [_thread_blocked, id=34892, stack(0x0000000019080000,0x0000000019180000)]
  0x0000000018a80000 JavaThread "Signal Dispatcher" daemon [_thread_blocked, id=35368, stack(0x0000000018f80000,0x0000000019080000)]
  0x0000000018a10800 JavaThread "Finalizer" daemon [_thread_blocked, id=33284, stack(0x0000000018df0000,0x0000000018ef0000)]
  0x0000000002d48000 JavaThread "Reference Handler" daemon [_thread_blocked, id=34608, stack(0x00000000188f0000,0x00000000189f0000)]
  0x000000000277e000 JavaThread "main" [_thread_blocked, id=31412, stack(0x0000000002b50000,0x0000000002c50000)]

Other Threads:
  0x0000000016b05800 VMThread [stack: 0x00000000187f0000,0x00000000188f0000] [id=30064]
  0x0000000018b13000 WatcherThread [stack: 0x0000000019680000,0x0000000019780000] [id=19564]

VM state:not at safepoint (normal execution)

VM Mutex/Monitor currently owned by a thread: None

Heap:
 PSYoungGen      total 481280K, used 399286K [0x00000000e0000000, 0x00000000ffe80000, 0x0000000100000000)
  eden space 439808K, 89% used [0x00000000e0000000,0x00000000f8072508,0x00000000fad80000)
  from space 41472K, 13% used [0x00000000fad80000,0x00000000fb2fb5a8,0x00000000fd600000)
  to   space 40448K, 0% used [0x00000000fd700000,0x00000000fd700000,0x00000000ffe80000)
 ParOldGen       total 289280K, used 62196K [0x00000000a0000000, 0x00000000b1a80000, 0x00000000e0000000)
  object space 289280K, 21% used [0x00000000a0000000,0x00000000a3cbd338,0x00000000b1a80000)
 Metaspace       used 95803K, capacity 101596K, committed 101720K, reserved 1138688K
  class space    used 11960K, capacity 13107K, committed 13184K, reserved 1048576K

Card table byte_map: [0x0000000012110000,0x0000000012420000] byte_map_base: 0x0000000011c10000

Marking Bits: (ParMarkBitMap*) 0x000000005c0b4970
 Begin Bits: [0x0000000012e20000, 0x0000000014620000)
 End Bits:   [0x0000000014620000, 0x0000000015e20000)

Polling page: 0x00000000005b0000

CodeCache: size=245760Kb used=71796Kb max_used=71807Kb free=173963Kb
 bounds [0x0000000002d50000, 0x00000000073f0000, 0x0000000011d50000]
 total_blobs=21618 nmethods=20617 adapters=912
 compilation: enabled

Compilation events (10 events):
Event: 15094.467 Thread 0x0000000016b1d800 nmethod 27291 0x000000000726d150 code [0x000000000726d2a0, 0x000000000726d398]
Event: 15094.473 Thread 0x0000000016b1a000 27292       4       com.sun.org.apache.xerces.internal.impl.xpath.regex.RegularExpression$StringTarget::charAt (9 bytes)
Event: 15094.476 Thread 0x0000000016b1a000 nmethod 27292 0x00000000043b3ad0 code [0x00000000043b3c20, 0x00000000043b3cf8]
Event: 15094.489 Thread 0x0000000016b1d800 27293       4       com.sun.org.apache.xerces.internal.impl.xpath.regex.RangeToken::match (180 bytes)
Event: 15094.493 Thread 0x0000000016b1d800 nmethod 27293 0x0000000004465350 code [0x00000000044654a0, 0x00000000044655b8]
Event: 15094.502 Thread 0x0000000018a86000 27294       3       javax.xml.namespace.QName::<init> (61 bytes)
Event: 15094.503 Thread 0x0000000018a86000 nmethod 27294 0x00000000044b4390 code [0x00000000044b4520, 0x00000000044b4978]
Event: 15094.530 Thread 0x0000000018a86000 27296       3       com.sun.org.apache.xerces.internal.impl.xpath.regex.RegularExpression$Context::resetCommon (95 bytes)
Event: 15094.532 Thread 0x0000000018a86000 nmethod 27296 0x00000000061312d0 code [0x0000000006131480, 0x0000000006131e70]
Event: 15094.532 Thread 0x0000000018a86000 27295       3       com.sun.org.apache.xerces.internal.impl.xpath.regex.RegularExpression$Context::reset (55 bytes)

GC Heap History (10 events):
Event: 14967.071 GC heap before
{Heap before GC invocations=41 (full 4):
 PSYoungGen      total 480256K, used 452467K [0x00000000e0000000, 0x0000000100000000, 0x0000000100000000)
  eden space 433664K, 100% used [0x00000000e0000000,0x00000000fa780000,0x00000000fa780000)
  from space 46592K, 40% used [0x00000000fd280000,0x00000000fe4dce60,0x0000000100000000)
  to   space 44032K, 0% used [0x00000000fa780000,0x00000000fa780000,0x00000000fd280000)
 ParOldGen       total 289280K, used 45742K [0x00000000a0000000, 0x00000000b1a80000, 0x00000000e0000000)
  object space 289280K, 15% used [0x00000000a0000000,0x00000000a2caba48,0x00000000b1a80000)
 Metaspace       used 94141K, capacity 98856K, committed 100056K, reserved 1136640K
  class space    used 11704K, capacity 12715K, committed 13056K, reserved 1048576K
Event: 14967.121 GC heap after
Heap after GC invocations=41 (full 4):
 PSYoungGen      total 453632K, used 19887K [0x00000000e0000000, 0x00000000ff980000, 0x0000000100000000)
  eden space 433664K, 0% used [0x00000000e0000000,0x00000000e0000000,0x00000000fa780000)
  from space 19968K, 99% used [0x00000000fa780000,0x00000000fbaebc48,0x00000000fbb00000)
  to   space 41984K, 0% used [0x00000000fd080000,0x00000000fd080000,0x00000000ff980000)
 ParOldGen       total 289280K, used 50721K [0x00000000a0000000, 0x00000000b1a80000, 0x00000000e0000000)
  object space 289280K, 17% used [0x00000000a0000000,0x00000000a3188508,0x00000000b1a80000)
 Metaspace       used 94141K, capacity 98856K, committed 100056K, reserved 1136640K
  class space    used 11704K, capacity 12715K, committed 13056K, reserved 1048576K
}
Event: 14967.624 GC heap before
{Heap before GC invocations=42 (full 4):
 PSYoungGen      total 453632K, used 453551K [0x00000000e0000000, 0x00000000ff980000, 0x0000000100000000)
  eden space 433664K, 100% used [0x00000000e0000000,0x00000000fa780000,0x00000000fa780000)
  from space 19968K, 99% used [0x00000000fa780000,0x00000000fbaebc48,0x00000000fbb00000)
  to   space 41984K, 0% used [0x00000000fd080000,0x00000000fd080000,0x00000000ff980000)
 ParOldGen       total 289280K, used 50721K [0x00000000a0000000, 0x00000000b1a80000, 0x00000000e0000000)
  object space 289280K, 17% used [0x00000000a0000000,0x00000000a3188508,0x00000000b1a80000)
 Metaspace       used 94168K, capacity 98866K, committed 100056K, reserved 1136640K
  class space    used 11705K, capacity 12718K, committed 13056K, reserved 1048576K
Event: 14967.771 GC heap after
Heap after GC invocations=42 (full 4):
 PSYoungGen      total 475648K, used 4346K [0x00000000e0000000, 0x0000000100000000, 0x0000000100000000)
  eden space 433664K, 0% used [0x00000000e0000000,0x00000000e0000000,0x00000000fa780000)
  from space 41984K, 10% used [0x00000000fd080000,0x00000000fd4beb90,0x00000000ff980000)
  to   space 41984K, 0% used [0x00000000fa780000,0x00000000fa780000,0x00000000fd080000)
 ParOldGen       total 289280K, used 61980K [0x00000000a0000000, 0x00000000b1a80000, 0x00000000e0000000)
  object space 289280K, 21% used [0x00000000a0000000,0x00000000a3c87338,0x00000000b1a80000)
 Metaspace       used 94168K, capacity 98866K, committed 100056K, reserved 1136640K
  class space    used 11705K, capacity 12718K, committed 13056K, reserved 1048576K
}
Event: 14970.555 GC heap before
{Heap before GC invocations=43 (full 4):
 PSYoungGen      total 475648K, used 438010K [0x00000000e0000000, 0x0000000100000000, 0x0000000100000000)
  eden space 433664K, 100% used [0x00000000e0000000,0x00000000fa780000,0x00000000fa780000)
  from space 41984K, 10% used [0x00000000fd080000,0x00000000fd4beb90,0x00000000ff980000)
  to   space 41984K, 0% used [0x00000000fa780000,0x00000000fa780000,0x00000000fd080000)
 ParOldGen       total 289280K, used 61980K [0x00000000a0000000, 0x00000000b1a80000, 0x00000000e0000000)
  object space 289280K, 21% used [0x00000000a0000000,0x00000000a3c87338,0x00000000b1a80000)
 Metaspace       used 94225K, capacity 98930K, committed 100056K, reserved 1136640K
  class space    used 11711K, capacity 12718K, committed 13056K, reserved 1048576K
Event: 14970.567 GC heap after
Heap after GC invocations=43 (full 4):
 PSYoungGen      total 475648K, used 9823K [0x00000000e0000000, 0x00000000ffe00000, 0x0000000100000000)
  eden space 433664K, 0% used [0x00000000e0000000,0x00000000e0000000,0x00000000fa780000)
  from space 41984K, 23% used [0x00000000fa780000,0x00000000fb117d30,0x00000000fd080000)
  to   space 40960K, 0% used [0x00000000fd600000,0x00000000fd600000,0x00000000ffe00000)
 ParOldGen       total 289280K, used 62092K [0x00000000a0000000, 0x00000000b1a80000, 0x00000000e0000000)
  object space 289280K, 21% used [0x00000000a0000000,0x00000000a3ca3338,0x00000000b1a80000)
 Metaspace       used 94225K, capacity 98930K, committed 100056K, reserved 1136640K
  class space    used 11711K, capacity 12718K, committed 13056K, reserved 1048576K
}
Event: 14975.885 GC heap before
{Heap before GC invocations=44 (full 4):
 PSYoungGen      total 475648K, used 440411K [0x00000000e0000000, 0x00000000ffe00000, 0x0000000100000000)
  eden space 433664K, 99% used [0x00000000e0000000,0x00000000fa47f220,0x00000000fa780000)
  from space 41984K, 23% used [0x00000000fa780000,0x00000000fb117d30,0x00000000fd080000)
  to   space 40960K, 0% used [0x00000000fd600000,0x00000000fd600000,0x00000000ffe00000)
 ParOldGen       total 289280K, used 62092K [0x00000000a0000000, 0x00000000b1a80000, 0x00000000e0000000)
  object space 289280K, 21% used [0x00000000a0000000,0x00000000a3ca3338,0x00000000b1a80000)
 Metaspace       used 94324K, capacity 99014K, committed 100056K, reserved 1136640K
  class space    used 11713K, capacity 12720K, committed 13056K, reserved 1048576K
Event: 14975.896 GC heap after
Heap after GC invocations=44 (full 4):
 PSYoungGen      total 480768K, used 1470K [0x00000000e0000000, 0x0000000100000000, 0x0000000100000000)
  eden space 439808K, 0% used [0x00000000e0000000,0x00000000e0000000,0x00000000fad80000)
  from space 40960K, 3% used [0x00000000fd600000,0x00000000fd76fb68,0x00000000ffe00000)
  to   space 41472K, 0% used [0x00000000fad80000,0x00000000fad80000,0x00000000fd600000)
 ParOldGen       total 289280K, used 62140K [0x00000000a0000000, 0x00000000b1a80000, 0x00000000e0000000)
  object space 289280K, 21% used [0x00000000a0000000,0x00000000a3caf338,0x00000000b1a80000)
 Metaspace       used 94324K, capacity 99014K, committed 100056K, reserved 1136640K
  class space    used 11713K, capacity 12720K, committed 13056K, reserved 1048576K
}
Event: 14979.821 GC heap before
{Heap before GC invocations=45 (full 4):
 PSYoungGen      total 480768K, used 440512K [0x00000000e0000000, 0x0000000100000000, 0x0000000100000000)
  eden space 439808K, 99% used [0x00000000e0000000,0x00000000facc07f0,0x00000000fad80000)
  from space 40960K, 3% used [0x00000000fd600000,0x00000000fd76fb68,0x00000000ffe00000)
  to   space 41472K, 0% used [0x00000000fad80000,0x00000000fad80000,0x00000000fd600000)
 ParOldGen       total 289280K, used 62140K [0x00000000a0000000, 0x00000000b1a80000, 0x00000000e0000000)
  object space 289280K, 21% used [0x00000000a0000000,0x00000000a3caf338,0x00000000b1a80000)
 Metaspace       used 94463K, capacity 99278K, committed 100312K, reserved 1136640K
  class space    used 11728K, capacity 12744K, committed 13056K, reserved 1048576K
Event: 14979.826 GC heap after
Heap after GC invocations=45 (full 4):
 PSYoungGen      total 481280K, used 5613K [0x00000000e0000000, 0x00000000ffe80000, 0x0000000100000000)
  eden space 439808K, 0% used [0x00000000e0000000,0x00000000e0000000,0x00000000fad80000)
  from space 41472K, 13% used [0x00000000fad80000,0x00000000fb2fb5a8,0x00000000fd600000)
  to   space 40448K, 0% used [0x00000000fd700000,0x00000000fd700000,0x00000000ffe80000)
 ParOldGen       total 289280K, used 62196K [0x00000000a0000000, 0x00000000b1a80000, 0x00000000e0000000)
  object space 289280K, 21% used [0x00000000a0000000,0x00000000a3cbd338,0x00000000b1a80000)
 Metaspace       used 94463K, capacity 99278K, committed 100312K, reserved 1136640K
  class space    used 11728K, capacity 12744K, committed 13056K, reserved 1048576K
}

Deoptimization events (10 events):
Event: 14979.598 Thread 0x0000000023a70800 Uncommon trap: reason=bimorphic action=maybe_recompile pc=0x000000000612dcf8 method=com.google.common.collect.Maps$1.transform(Ljava/lang/Object;)Ljava/util/Map$Entry; @ 6
Event: 14979.608 Thread 0x0000000023a70800 Uncommon trap: reason=bimorphic action=maybe_recompile pc=0x0000000003c592e8 method=java.io.DataInputStream.readUnsignedShort()I @ 4
Event: 14979.608 Thread 0x0000000023a70800 Uncommon trap: reason=bimorphic action=maybe_recompile pc=0x0000000003c592e8 method=java.io.DataInputStream.readUnsignedShort()I @ 4
Event: 15028.992 Thread 0x000000001c465800 Uncommon trap: reason=array_check action=maybe_recompile pc=0x0000000005635044 method=com.google.common.collect.SingletonImmutableList.copyIntoArray([Ljava/lang/Object;I)I @ 6
Event: 15028.993 Thread 0x000000001c465800 Uncommon trap: reason=array_check action=maybe_recompile pc=0x0000000005635044 method=com.google.common.collect.SingletonImmutableList.copyIntoArray([Ljava/lang/Object;I)I @ 6
Event: 15029.417 Thread 0x000000001c465800 Uncommon trap: reason=unstable_if action=reinterpret pc=0x00000000070d75d4 method=java.util.HashMap$EntrySpliterator.forEachRemaining(Ljava/util/function/Consumer;)V @ 75
Event: 15031.421 Thread 0x000000001c466000 Uncommon trap: reason=class_check action=maybe_recompile pc=0x0000000004b74ea4 method=com.google.common.collect.Sets$1.contains(Ljava/lang/Object;)Z @ 18
Event: 15047.720 Thread 0x000000001c465800 Uncommon trap: reason=array_check action=maybe_recompile pc=0x0000000005635044 method=com.google.common.collect.SingletonImmutableList.copyIntoArray([Ljava/lang/Object;I)I @ 6
Event: 15047.721 Thread 0x000000001c465800 Uncommon trap: reason=array_check action=maybe_recompile pc=0x0000000005635044 method=com.google.common.collect.SingletonImmutableList.copyIntoArray([Ljava/lang/Object;I)I @ 6
Event: 15048.619 Thread 0x0000000023a70800 Uncommon trap: reason=class_check action=maybe_recompile pc=0x0000000004b74ea4 method=com.google.common.collect.Sets$1.contains(Ljava/lang/Object;)Z @ 18

Classes redefined (0 events):
No events

Internal exceptions (10 events):
Event: 15094.341 Thread 0x000000001c465800 Exception <a 'sun/nio/fs/WindowsException'> (0x00000000f702d718) thrown at [D:\src\AOSP-openjdk-cygwin\jdk8u\hotspot\src\share\vm\prims\jni.cpp, line 709]
Event: 15094.341 Thread 0x000000001c465800 Exception <a 'sun/nio/fs/WindowsException'> (0x00000000f702e2d8) thrown at [D:\src\AOSP-openjdk-cygwin\jdk8u\hotspot\src\share\vm\prims\jni.cpp, line 709]
Event: 15094.343 Thread 0x000000001c465800 Exception <a 'sun/nio/fs/WindowsException'> (0x00000000f7030cd0) thrown at [D:\src\AOSP-openjdk-cygwin\jdk8u\hotspot\src\share\vm\prims\jni.cpp, line 709]
Event: 15094.343 Thread 0x000000001c465800 Exception <a 'sun/nio/fs/WindowsException'> (0x00000000f70318c8) thrown at [D:\src\AOSP-openjdk-cygwin\jdk8u\hotspot\src\share\vm\prims\jni.cpp, line 709]
Event: 15094.344 Thread 0x000000001c465800 Exception <a 'sun/nio/fs/WindowsException'> (0x00000000f7033508) thrown at [D:\src\AOSP-openjdk-cygwin\jdk8u\hotspot\src\share\vm\prims\jni.cpp, line 709]
Event: 15094.344 Thread 0x000000001c465800 Exception <a 'sun/nio/fs/WindowsException'> (0x00000000f7034138) thrown at [D:\src\AOSP-openjdk-cygwin\jdk8u\hotspot\src\share\vm\prims\jni.cpp, line 709]
Event: 15094.346 Thread 0x000000001c465800 Exception <a 'sun/nio/fs/WindowsException'> (0x00000000f7036de8) thrown at [D:\src\AOSP-openjdk-cygwin\jdk8u\hotspot\src\share\vm\prims\jni.cpp, line 709]
Event: 15094.346 Thread 0x000000001c465800 Exception <a 'sun/nio/fs/WindowsException'> (0x00000000f7037ab8) thrown at [D:\src\AOSP-openjdk-cygwin\jdk8u\hotspot\src\share\vm\prims\jni.cpp, line 709]
Event: 15094.347 Thread 0x000000001c465800 Exception <a 'sun/nio/fs/WindowsException'> (0x00000000f70397c0) thrown at [D:\src\AOSP-openjdk-cygwin\jdk8u\hotspot\src\share\vm\prims\jni.cpp, line 709]
Event: 15094.347 Thread 0x000000001c465800 Exception <a 'sun/nio/fs/WindowsException'> (0x00000000f703a4d0) thrown at [D:\src\AOSP-openjdk-cygwin\jdk8u\hotspot\src\share\vm\prims\jni.cpp, line 709]

Events (10 events):
Event: 15093.968 loading class org/gradle/model/internal/registry/RuleBindings$1 done
Event: 15093.972 Thread 0x0000000018a86000 flushing nmethod 0x00000000054661d0
Event: 15093.974 Thread 0x0000000018a86000 flushing nmethod 0x0000000005578750
Event: 15093.977 Thread 0x0000000016b1a000 flushing nmethod 0x00000000056b3710
Event: 15093.981 Thread 0x0000000016b1a000 flushing nmethod 0x00000000059289d0
Event: 15093.981 Thread 0x0000000016b1a000 flushing nmethod 0x0000000005928d10
Event: 15094.028 Thread 0x0000000018a86000 flushing nmethod 0x00000000060fbb10
Event: 15094.028 Thread 0x0000000018a86000 flushing nmethod 0x0000000006130f90
Event: 15094.028 Thread 0x0000000018a86000 flushing nmethod 0x0000000006131410
Event: 15094.029 Thread 0x0000000018a86000 flushing nmethod 0x0000000006131d90


Dynamic libraries:
0x00007ff6e1310000 - 0x00007ff6e1341000 	C:\Program Files\Android\Android Studio\jre\bin\java.exe
0x00007ffda7390000 - 0x00007ffda7571000 	C:\WINDOWS\SYSTEM32\ntdll.dll
0x00007ffda5dd0000 - 0x00007ffda5e82000 	C:\WINDOWS\System32\KERNEL32.DLL
0x00007ffda45a0000 - 0x00007ffda4813000 	C:\WINDOWS\System32\KERNELBASE.dll
0x00007ffda6750000 - 0x00007ffda67f1000 	C:\WINDOWS\System32\ADVAPI32.dll
0x00007ffda6b50000 - 0x00007ffda6bee000 	C:\WINDOWS\System32\msvcrt.dll
0x00007ffda60a0000 - 0x00007ffda60fb000 	C:\WINDOWS\System32\sechost.dll
0x00007ffda6100000 - 0x00007ffda6224000 	C:\WINDOWS\System32\RPCRT4.dll
0x00007ffda6e40000 - 0x00007ffda6fd0000 	C:\WINDOWS\System32\USER32.dll
0x00007ffda40b0000 - 0x00007ffda40d0000 	C:\WINDOWS\System32\win32u.dll
0x00007ffda5d00000 - 0x00007ffda5d28000 	C:\WINDOWS\System32\GDI32.dll
0x00007ffda42d0000 - 0x00007ffda4462000 	C:\WINDOWS\System32\gdi32full.dll
0x00007ffda40d0000 - 0x00007ffda416f000 	C:\WINDOWS\System32\msvcp_win.dll
0x00007ffda41d0000 - 0x00007ffda42ca000 	C:\WINDOWS\System32\ucrtbase.dll
0x00007ffd92710000 - 0x00007ffd92979000 	C:\WINDOWS\WinSxS\amd64_microsoft.windows.common-controls_6595b64144ccf1df_6.0.17134.165_none_fb429645306569ac\COMCTL32.dll
0x00007ffda7030000 - 0x00007ffda7353000 	C:\WINDOWS\System32\combase.dll
0x00007ffda4520000 - 0x00007ffda459a000 	C:\WINDOWS\System32\bcryptPrimitives.dll
0x00007ffda5e90000 - 0x00007ffda5ebd000 	C:\WINDOWS\System32\IMM32.DLL
0x000000005b620000 - 0x000000005b6f2000 	C:\Program Files\Android\Android Studio\jre\jre\bin\msvcr100.dll
0x000000005b8f0000 - 0x000000005c12f000 	C:\Program Files\Android\Android Studio\jre\jre\bin\server\jvm.dll
0x00007ffda6ae0000 - 0x00007ffda6ae8000 	C:\WINDOWS\System32\PSAPI.DLL
0x00007ffd9ff50000 - 0x00007ffd9ff59000 	C:\WINDOWS\SYSTEM32\WSOCK32.dll
0x00007ffda6800000 - 0x00007ffda686c000 	C:\WINDOWS\System32\WS2_32.dll
0x00007ffda1630000 - 0x00007ffda1653000 	C:\WINDOWS\SYSTEM32\WINMM.dll
0x00007ffd92cf0000 - 0x00007ffd92cfa000 	C:\WINDOWS\SYSTEM32\VERSION.dll
0x00007ffda1430000 - 0x00007ffda145a000 	C:\WINDOWS\SYSTEM32\WINMMBASE.dll
0x00007ffda4060000 - 0x00007ffda40a9000 	C:\WINDOWS\System32\cfgmgr32.dll
0x00007ffd9fe60000 - 0x00007ffd9fe6f000 	C:\Program Files\Android\Android Studio\jre\jre\bin\verify.dll
0x00007ffd9ab10000 - 0x00007ffd9ab39000 	C:\Program Files\Android\Android Studio\jre\jre\bin\java.dll
0x00007ffd9bd80000 - 0x00007ffd9bd96000 	C:\Program Files\Android\Android Studio\jre\jre\bin\zip.dll
0x00007ffda48c0000 - 0x00007ffda5d00000 	C:\WINDOWS\System32\SHELL32.dll
0x00007ffda66a0000 - 0x00007ffda6749000 	C:\WINDOWS\System32\shcore.dll
0x00007ffda3760000 - 0x00007ffda3e6d000 	C:\WINDOWS\System32\windows.storage.dll
0x00007ffda5ec0000 - 0x00007ffda5f11000 	C:\WINDOWS\System32\shlwapi.dll
0x00007ffda3730000 - 0x00007ffda3741000 	C:\WINDOWS\System32\kernel.appcore.dll
0x00007ffda36c0000 - 0x00007ffda36df000 	C:\WINDOWS\System32\profapi.dll
0x00007ffda36e0000 - 0x00007ffda372c000 	C:\WINDOWS\System32\powrprof.dll
0x00007ffda3750000 - 0x00007ffda375a000 	C:\WINDOWS\System32\FLTLIB.DLL
0x00007ffd9aaf0000 - 0x00007ffd9ab0a000 	C:\Program Files\Android\Android Studio\jre\jre\bin\net.dll
0x00007ffda2b60000 - 0x00007ffda2bc6000 	C:\WINDOWS\system32\mswsock.dll
0x00007ffd9aad0000 - 0x00007ffd9aae1000 	C:\Program Files\Android\Android Studio\jre\jre\bin\nio.dll
0x00007ffd9aa90000 - 0x00007ffd9aaae000 	C:\Users\dsm2017\.gradle\native\25\windows-amd64\native-platform.dll
0x00007ffd9f720000 - 0x00007ffd9f72d000 	C:\Program Files\Android\Android Studio\jre\jre\bin\management.dll
0x00007ffda3400000 - 0x00007ffda3417000 	C:\WINDOWS\SYSTEM32\CRYPTSP.dll
0x00007ffda2740000 - 0x00007ffda2773000 	C:\WINDOWS\system32\rsaenh.dll
0x00007ffda3420000 - 0x00007ffda3445000 	C:\WINDOWS\SYSTEM32\bcrypt.dll
0x00007ffda35d0000 - 0x00007ffda35f8000 	C:\WINDOWS\SYSTEM32\USERENV.dll
0x00007ffda2d10000 - 0x00007ffda2d1b000 	C:\WINDOWS\SYSTEM32\CRYPTBASE.dll
0x00007ffda28e0000 - 0x00007ffda2918000 	C:\WINDOWS\SYSTEM32\IPHLPAPI.DLL
0x00007ffda6240000 - 0x00007ffda6248000 	C:\WINDOWS\System32\NSI.dll
0x00007ffd9a620000 - 0x00007ffd9a636000 	C:\WINDOWS\SYSTEM32\dhcpcsvc6.DLL
0x00007ffd98290000 - 0x00007ffd982aa000 	C:\WINDOWS\SYSTEM32\dhcpcsvc.DLL
0x00007ffd873f0000 - 0x00007ffd87414000 	C:\Program Files\Android\Android Studio\jre\jre\bin\sunec.dll
0x00007ffda2920000 - 0x00007ffda29de000 	C:\WINDOWS\SYSTEM32\DNSAPI.dll
0x00007ffd951d0000 - 0x00007ffd951da000 	C:\Windows\System32\rasadhlp.dll
0x00007ffd95780000 - 0x00007ffd957f2000 	C:\WINDOWS\System32\fwpuclnt.dll
0x00007ffd9f5f0000 - 0x00007ffd9f5fb000 	C:\Program Files\Android\Android Studio\jre\jre\bin\sunmscapi.dll
0x00007ffda3e70000 - 0x00007ffda4052000 	C:\WINDOWS\System32\CRYPT32.dll
0x00007ffda36a0000 - 0x00007ffda36b2000 	C:\WINDOWS\System32\MSASN1.dll
0x00007ffd57970000 - 0x00007ffd57b06000 	C:\Program Files\Android\Android Studio\jre\jre\bin\awt.dll
0x00007ffda6a10000 - 0x00007ffda6ad2000 	C:\WINDOWS\System32\OLEAUT32.dll
0x00007ffda08b0000 - 0x00007ffda0e77000 	C:\WINDOWS\SYSTEM32\d2d1.dll
0x00007ffda1770000 - 0x00007ffda17fb000 	C:\WINDOWS\SYSTEM32\apphelp.dll
0x00007ffda1a80000 - 0x00007ffda1aa9000 	C:\WINDOWS\system32\DWMAPI.DLL
0x00007ffda1900000 - 0x00007ffda1998000 	C:\WINDOWS\system32\uxtheme.dll
0x00007ffda2430000 - 0x00007ffda2461000 	C:\WINDOWS\SYSTEM32\ntmarta.dll
0x00007ffda3160000 - 0x00007ffda3329000 	C:\WINDOWS\SYSTEM32\dbghelp.dll

VM Arguments:
jvm_args: -Xmx1536m -Dfile.encoding=x-windows-949 -Duser.country=KR -Duser.language=ko -Duser.variant 
java_command: org.gradle.launcher.daemon.bootstrap.GradleDaemon 4.4
java_class_path (initial): C:\Users\dsm2017\.gradle\wrapper\dists\gradle-4.4-all\9br9xq1tocpiv8o6njlyu5op1\gradle-4.4\lib\gradle-launcher-4.4.jar
Launcher Type: SUN_STANDARD

Environment Variables:
PATH=C:\Program Files\Python36\Scripts\;C:\Program Files\Python36\;C:\ProgramData\Oracle\Java\javapath;C:\WINDOWS\system32;C:\WINDOWS;C:\WINDOWS\System32\Wbem;C:\WINDOWS\System32\WindowsPowerShell\v1.0\;C:\Program Files\dotnet\;D:\mysql-5.7.21-winx64-debug-test\mysql-5.7.21-winx64\bin;C:\Program Files\MySQL\MySQL Utilities 1.6\;C:\WINDOWS\System32\OpenSSH\;C:\Program Files\Intel\WiFi\bin\;C:\Program Files\Common Files\Intel\WirelessCommon\;C:\Program Files (x86)\Microsoft VS Code\bin;C:\Program Files\nodejs\;D:\Git\cmd;C:\Program Files\Python36\Scripts\;C:\Program Files\Python36\;C:\ProgramData\Oracle\Java\javapath;C:\WINDOWS\system32;C:\WINDOWS;C:\WINDOWS\System32\Wbem;C:\WINDOWS\System32\WindowsPowerShell\v1.0\;C:\Program Files\Intel\WiFi\bin\;C:\Program Files\Common Files\Intel\WirelessCommon\;D:\Git\cmd;D:\node_js\;C:\Program Files\dotnet\;D:\mysql-5.7.21-winx64-debug-test\mysql-5.7.21-winx64\bin;C:\Program Files\MySQL\MySQL Utilities 1.6\;C:\Users\dsm2017\AppData\Local\Microsoft\WindowsApps;C:\Program Files (x86)\Microsoft VS Code\bin;C:\Program Files\MySQL\MySQL Server 5.7\bin;C:\Users\dsm2017\AppData\Local\Microsoft\WindowsApps;C:\Users\dsm2017\AppData\Roaming\npm;C:\Program Files (x86)\ESTsoft\ALSee\x64
USERNAME=dsm2017
OS=Windows_NT
PROCESSOR_IDENTIFIER=Intel64 Family 6 Model 94 Stepping 3, GenuineIntel



---------------  S Y S T E M  ---------------

OS: Windows 10.0 , 64 bit Build 17134 (10.0.17134.1)

CPU:total 8 (initial active 8) (4 cores per cpu, 2 threads per core) family 6 model 94 stepping 3, cmov, cx8, fxsr, mmx, sse, sse2, sse3, ssse3, sse4.1, sse4.2, popcnt, avx, avx2, aes, clmul, erms, rtm, 3dnowpref, lzcnt, ht, tsc, tscinvbit, bmi1, bmi2, adx

Memory: 4k page, physical 16689036k(787436k free), swap 29619280k(2740704k free)

vm_info: OpenJDK 64-Bit Server VM (25.152-b02) for windows-amd64 JRE (1.8.0_152-release-1024-b02), built by "builder" with MS VC++ 10.0 (VS2010)

time: Wed Jul 25 16:47:10 2018
elapsed time: 15094 seconds (0d 4h 11m 34s)

